Base path: C:/Program Files/Unity/Editor/Data
Pipe name: \\.\pipe\UnityShaderCompiler-64bit-3-6820
Cmd: getPlatforms
Cmd: compileSnippet
  api=8 type=0 insize=954 outsize=1454 kw= ok=1
Cmd: compileSnippet
  api=8 type=1 insize=954 outsize=1235 kw= ok=1
Cmd: compileSnippet
  api=1 type=0 insize=8995 outsize=360 kw= ok=1
Cmd: compileSnippet
  api=8 type=1 insize=8995 outsize=4843 kw= ok=1
Cmd: compileSnippet
  api=8 type=1 insize=1113 outsize=1999 kw= ok=1
Cmd: compileSnippet
  api=8 type=0 insize=3203 outsize=2039 kw= ok=1
Cmd: compileSnippet
  api=8 type=1 insize=3203 outsize=1714 kw= ok=1
Cmd: compileSnippet
  api=8 type=0 insize=3200 outsize=2039 kw= ok=1
Cmd: compileSnippet
  api=8 type=1 insize=3212 outsize=1958 kw= ok=1
Cmd: compileSnippet
  api=8 type=0 insize=3205 outsize=2039 kw= ok=1
Cmd: compileSnippet
  api=1 type=0 insize=3197 outsize=258 kw= ok=1
Cmd: compileSnippet
  api=1 type=1 insize=3201 outsize=83 kw= ok=1
Cmd: compileSnippet
  api=8 type=1 insize=4619 outsize=3469 kw= ok=1
Cmd: compileSnippet
  api=8 type=0 insize=4620 outsize=2511 kw= ok=1
Unhandled exception: Readfile from pipe failed. GLE=The pipe has been ended.


Quitting shader compiler process
